0 info it worked if it ends with ok
1 verbose cli [ '/Users/y-deng/.nodebrew/node/v6.14.0/bin/node',
1 verbose cli   '/Users/y-deng/.nodebrew/current/bin/npm',
1 verbose cli   'run',
1 verbose cli   'start' ]
2 info using npm@3.10.10
3 info using node@v6.14.0
4 verbose run-script [ 'prestart', 'start', 'poststart' ]
5 info lifecycle izapack-starter-kit@2.0.0~prestart: izapack-starter-kit@2.0.0
6 verbose lifecycle izapack-starter-kit@2.0.0~prestart: unsafe-perm in lifecycle true
7 verbose lifecycle izapack-starter-kit@2.0.0~prestart: PATH: /Users/y-deng/.nodebrew/node/v6.14.0/lib/node_modules/npm/bin/node-gyp-bin:/Users/y-deng/ist-work/i/iza_test/node_modules/.bin:/Users/y-deng/.nodebrew/node/v6.14.0/bin:/Users/y-deng/.nodebrew/current/bin:/usr/local/bin:/usr/bin:/bin:/usr/sbin:/sbin:/Users/y-deng/.nodebrew/current/bin
8 verbose lifecycle izapack-starter-kit@2.0.0~prestart: CWD: /Users/y-deng/ist-work/i/iza_test
9 silly lifecycle izapack-starter-kit@2.0.0~prestart: Args: [ '-c', 'npm run del' ]
10 silly lifecycle izapack-starter-kit@2.0.0~prestart: Returned: code: 0  signal: null
11 info lifecycle izapack-starter-kit@2.0.0~start: izapack-starter-kit@2.0.0
12 verbose lifecycle izapack-starter-kit@2.0.0~start: unsafe-perm in lifecycle true
13 verbose lifecycle izapack-starter-kit@2.0.0~start: PATH: /Users/y-deng/.nodebrew/node/v6.14.0/lib/node_modules/npm/bin/node-gyp-bin:/Users/y-deng/ist-work/i/iza_test/node_modules/.bin:/Users/y-deng/.nodebrew/node/v6.14.0/bin:/Users/y-deng/.nodebrew/current/bin:/usr/local/bin:/usr/bin:/bin:/usr/sbin:/sbin:/Users/y-deng/.nodebrew/current/bin
14 verbose lifecycle izapack-starter-kit@2.0.0~start: CWD: /Users/y-deng/ist-work/i/iza_test
15 silly lifecycle izapack-starter-kit@2.0.0~start: Args: [ '-c', 'run-p mkdir cp:dev server build:*:dev open' ]
16 silly lifecycle izapack-starter-kit@2.0.0~start: Returned: code: 1  signal: null
17 info lifecycle izapack-starter-kit@2.0.0~start: Failed to exec start script
18 verbose stack Error: izapack-starter-kit@2.0.0 start: `run-p mkdir cp:dev server build:*:dev open`
18 verbose stack Exit status 1
18 verbose stack     at EventEmitter.<anonymous> (/Users/y-deng/.nodebrew/node/v6.14.0/lib/node_modules/npm/lib/utils/lifecycle.js:255:16)
18 verbose stack     at emitTwo (events.js:106:13)
18 verbose stack     at EventEmitter.emit (events.js:191:7)
18 verbose stack     at ChildProcess.<anonymous> (/Users/y-deng/.nodebrew/node/v6.14.0/lib/node_modules/npm/lib/utils/spawn.js:40:14)
18 verbose stack     at emitTwo (events.js:106:13)
18 verbose stack     at ChildProcess.emit (events.js:191:7)
18 verbose stack     at maybeClose (internal/child_process.js:920:16)
18 verbose stack     at Process.ChildProcess._handle.onexit (internal/child_process.js:230:5)
19 verbose pkgid izapack-starter-kit@2.0.0
20 verbose cwd /Users/y-deng/ist-work/i/iza_test
21 error Darwin 18.7.0
22 error argv "/Users/y-deng/.nodebrew/node/v6.14.0/bin/node" "/Users/y-deng/.nodebrew/current/bin/npm" "run" "start"
23 error node v6.14.0
24 error npm  v3.10.10
25 error code ELIFECYCLE
26 error izapack-starter-kit@2.0.0 start: `run-p mkdir cp:dev server build:*:dev open`
26 error Exit status 1
27 error Failed at the izapack-starter-kit@2.0.0 start script 'run-p mkdir cp:dev server build:*:dev open'.
27 error Make sure you have the latest version of node.js and npm installed.
27 error If you do, this is most likely a problem with the izapack-starter-kit package,
27 error not with npm itself.
27 error Tell the author that this fails on your system:
27 error     run-p mkdir cp:dev server build:*:dev open
27 error You can get information on how to open an issue for this project with:
27 error     npm bugs izapack-starter-kit
27 error Or if that isn't available, you can get their info via:
27 error     npm owner ls izapack-starter-kit
27 error There is likely additional logging output above.
28 verbose exit [ 1, true ]
